2025-01-23 09:35:32,869 [INFO] Activator:176 - 


2025-01-23 09:35:32,873 [INFO] Activator:177 - !SESSION log4j initialized
2025-01-23 09:35:36,373 [INFO] LogOutputStream:77 - [STDOUT_REDIRECT] 
2025-01-23 09:35:42,421 [INFO] ApplicationProperties:184 - Using Application install path: C:\ST\STM32CubeIDE_1.14.1\STM32CubeIDE\plugins\com.st.stm32cube.common.mx_6.10.0.202311202037
2025-01-23 09:35:42,432 [INFO] DbMcusXml:78 - Set database path to: C:\ST\STM32CubeIDE_1.14.1\STM32CubeIDE\plugins\com.st.stm32cube.common.mx_6.10.0.202311202037\\db\/mcu/
2025-01-23 09:35:42,432 [INFO] ApiDb:274 - Set plugin database path to: C:\ST\STM32CubeIDE_1.14.1\STM32CubeIDE\plugins\com.st.stm32cube.common.mx_6.10.0.202311202037\\db\/plugins/boardmanager/
2025-01-23 09:35:42,432 [WARN] ApiDb:259 - Overriding images path with different value:  => C:\ST\STM32CubeIDE_1.14.1\STM32CubeIDE\plugins\com.st.stm32cube.common.mx_6.10.0.202311202037\\db\/plugins/mcufinder/images/
2025-01-23 09:35:42,438 [INFO] ApiDb:250 - Set database path to: C:\Users\user\.stmcufinder\plugins\mcufinder//mcu/
2025-01-23 09:35:42,438 [INFO] DbMcusAds:125 - Set database path to: C:\Users\user\.stmcufinder\plugins\mcufinder//mcu/
2025-01-23 09:35:42,439 [INFO] CrossReferenceDbSqlite:203 - Set database path to: C:\Users\user\.stmcufinder\plugins\mcufinder//mcu/cs/
2025-01-23 09:35:42,499 [INFO] RulesReader:64 - Compatibility file has been processed (297 Rules)
2025-01-23 09:35:42,553 [INFO] DbMcusXml:78 - Set database path to: C:\ST\STM32CubeIDE_1.14.1\STM32CubeIDE\plugins\com.st.stm32cube.common.mx_6.10.0.202311202037\\db\/mcu/
2025-01-23 09:35:42,553 [INFO] ApiDb:274 - Set plugin database path to: C:\ST\STM32CubeIDE_1.14.1\STM32CubeIDE\plugins\com.st.stm32cube.common.mx_6.10.0.202311202037\\db\/plugins/boardmanager/
2025-01-23 09:35:42,553 [INFO] ApiDb:261 - Set plugin images path to: C:\ST\STM32CubeIDE_1.14.1\STM32CubeIDE\plugins\com.st.stm32cube.common.mx_6.10.0.202311202037\\db\/plugins/mcufinder/images/
2025-01-23 09:35:42,554 [WARN] DbFile:41 - Overriding database path with different value: C:\Users\user\.stmcufinder\plugins\mcufinder/ => C:\Users\user\.stmcufinder\plugins\mcufinder
2025-01-23 09:35:42,554 [INFO] ApiDb:250 - Set database path to: C:\Users\user\.stmcufinder\plugins\mcufinder//mcu/
2025-01-23 09:35:42,554 [WARN] DbFile:41 - Overriding database path with different value: C:\Users\user\.stmcufinder\plugins\mcufinder/ => C:\Users\user\.stmcufinder\plugins\mcufinder
2025-01-23 09:35:42,554 [INFO] DbMcusAds:125 - Set database path to: C:\Users\user\.stmcufinder\plugins\mcufinder//mcu/
2025-01-23 09:35:42,554 [WARN] DbFile:41 - Overriding database path with different value: C:\Users\user\.stmcufinder\plugins\mcufinder/ => C:\Users\user\.stmcufinder\plugins\mcufinder
2025-01-23 09:35:42,554 [WARN] DbFile:41 - Overriding database path with different value: C:\Users\user\.stmcufinder\plugins\mcufinder/ => C:\Users\user\.stmcufinder\plugins\mcufinder
2025-01-23 09:35:42,554 [INFO] CrossReferenceDbSqlite:203 - Set database path to: C:\Users\user\.stmcufinder\plugins\mcufinder//mcu/cs/
2025-01-23 09:35:42,600 [INFO] MainPanel:264 - HeapMemory: 268435456
2025-01-23 09:35:42,653 [INFO] DbMcusXml:78 - Set database path to: C:\ST\STM32CubeIDE_1.14.1\STM32CubeIDE\plugins\com.st.stm32cube.common.mx_6.10.0.202311202037\\db\/mcu/
2025-01-23 09:35:42,653 [INFO] ApiDb:274 - Set plugin database path to: C:\ST\STM32CubeIDE_1.14.1\STM32CubeIDE\plugins\com.st.stm32cube.common.mx_6.10.0.202311202037\\db\/plugins/boardmanager/
2025-01-23 09:35:42,653 [INFO] ApiDb:261 - Set plugin images path to: C:\ST\STM32CubeIDE_1.14.1\STM32CubeIDE\plugins\com.st.stm32cube.common.mx_6.10.0.202311202037\\db\/plugins/mcufinder/images/
2025-01-23 09:35:42,653 [WARN] DbFile:41 - Overriding database path with different value: C:\Users\user\.stmcufinder\plugins\mcufinder/ => C:\Users\user\.stmcufinder\plugins\mcufinder
2025-01-23 09:35:42,653 [INFO] ApiDb:250 - Set database path to: C:\Users\user\.stmcufinder\plugins\mcufinder//mcu/
2025-01-23 09:35:42,653 [WARN] DbFile:41 - Overriding database path with different value: C:\Users\user\.stmcufinder\plugins\mcufinder/ => C:\Users\user\.stmcufinder\plugins\mcufinder
2025-01-23 09:35:42,653 [INFO] DbMcusAds:125 - Set database path to: C:\Users\user\.stmcufinder\plugins\mcufinder//mcu/
2025-01-23 09:35:42,653 [WARN] DbFile:41 - Overriding database path with different value: C:\Users\user\.stmcufinder\plugins\mcufinder/ => C:\Users\user\.stmcufinder\plugins\mcufinder
2025-01-23 09:35:42,653 [WARN] DbFile:41 - Overriding database path with different value: C:\Users\user\.stmcufinder\plugins\mcufinder/ => C:\Users\user\.stmcufinder\plugins\mcufinder
2025-01-23 09:35:42,653 [INFO] CrossReferenceDbSqlite:203 - Set database path to: C:\Users\user\.stmcufinder\plugins\mcufinder//mcu/cs/
2025-01-23 09:35:42,663 [INFO] ApplicationProperties:184 - Using Application install path: C:\ST\STM32CubeIDE_1.14.1\STM32CubeIDE\plugins\com.st.stm32cube.common.mx_6.10.0.202311202037
2025-01-23 09:35:42,664 [INFO] PluginManage:196 - Search for loadable plugins [exclusion list=, ]
2025-01-23 09:35:42,665 [INFO] PluginManage:310 - Check plugin analytics
2025-01-23 09:35:42,776 [INFO] AnalyticsPlugin:253 - Accepted Software Licenses: 
2025-01-23 09:35:42,776 [INFO] AnalyticsPlugin:255 - Accepted CMSIS Pack Licenses: 
2025-01-23 09:35:42,777 [INFO] AnalyticsPlugin:257 - Accepted Firmware Licenses: FW.F4.1.28.0
2025-01-23 09:35:42,779 [INFO] PluginManage:359 - Loaded plugin analytics (category:tool,tabindex:-1)
2025-01-23 09:35:42,780 [INFO] PluginManage:310 - Check plugin cadmodel
2025-01-23 09:35:42,784 [INFO] CADModel:105 - Init CAD model plugin
2025-01-23 09:35:42,785 [INFO] PluginManage:359 - Loaded plugin cadmodel (category:power,tabindex:5)
2025-01-23 09:35:42,785 [INFO] PluginManage:310 - Check plugin clock
2025-01-23 09:35:42,793 [INFO] PluginManage:359 - Loaded plugin clock (category:base,tabindex:2)
2025-01-23 09:35:42,793 [INFO] PluginManage:310 - Check plugin ddr
2025-01-23 09:35:42,795 [INFO] PluginManage:359 - Loaded plugin ddr (category:tool,tabindex:6)
2025-01-23 09:35:42,795 [INFO] PluginManage:310 - Check plugin filemanager
2025-01-23 09:35:42,894 [INFO] PluginManage:359 - Loaded plugin filemanager (category:base,tabindex:10)
2025-01-23 09:35:42,894 [INFO] PluginManage:310 - Check plugin ipmanager
2025-01-23 09:35:42,899 [INFO] PluginManage:359 - Loaded plugin ipmanager (category:base,tabindex:5)
2025-01-23 09:35:42,899 [INFO] PluginManage:310 - Check plugin lpbam
2025-01-23 09:35:42,904 [INFO] PluginManage:359 - Loaded plugin lpbam (category:base,tabindex:0)
2025-01-23 09:35:42,904 [INFO] PluginManage:310 - Check plugin memorymap
2025-01-23 09:35:42,916 [INFO] PluginManage:359 - Loaded plugin memorymap (category:base,tabindex:4)
2025-01-23 09:35:42,916 [INFO] PluginManage:310 - Check plugin pinoutandconfiguration
2025-01-23 09:35:42,921 [INFO] PluginManage:359 - Loaded plugin pinoutandconfiguration (category:base,tabindex:1)
2025-01-23 09:35:42,921 [INFO] PluginManage:310 - Check plugin pinoutconfig
2025-01-23 09:35:42,974 [WARN] SupportedApi:132 - Cannot load RTOS API schema: s4s-elt-must-match.1: The content of 'definitions' must match (annotation?, (simpleType | complexType)?, (unique | key | keyref)*)). A problem was found starting at: attribute.
2025-01-23 09:35:43,045 [INFO] PluginManage:359 - Loaded plugin pinoutconfig (category:base,tabindex:0)
2025-01-23 09:35:43,045 [INFO] PluginManage:310 - Check plugin power
2025-01-23 09:35:43,052 [INFO] PluginManage:359 - Loaded plugin power (category:power,tabindex:4)
2025-01-23 09:35:43,053 [INFO] PluginManage:310 - Check plugin projectmanager
2025-01-23 09:35:43,062 [INFO] PluginManage:359 - Loaded plugin projectmanager (category:projectmanager,tabindex:3)
2025-01-23 09:35:43,062 [INFO] PluginManage:310 - Check plugin thirdparty
2025-01-23 09:35:43,139 [WARN] IntegrityCheckThread:84 - waiting for thirdparty lock release [integrity check]
2025-01-23 09:35:43,140 [INFO] PluginManage:359 - Loaded plugin thirdparty (category:base,tabindex:-1)
2025-01-23 09:35:43,140 [INFO] IntegrityCheckThread:86 - entering critical section [integrity check]
2025-01-23 09:35:43,140 [INFO] PluginManage:310 - Check plugin tools
2025-01-23 09:35:43,140 [INFO] ThirdPartyUpdaterWithRetryManager:70 - Updater plugin not ready yet. [1/15]
2025-01-23 09:35:43,141 [INFO] PluginManage:359 - Loaded plugin tools (category:base,tabindex:7)
2025-01-23 09:35:43,141 [INFO] PluginManage:310 - Check plugin tutovideos
2025-01-23 09:35:43,236 [INFO] PluginManage:359 - Loaded plugin tutovideos (category:base,tabindex:-1)
2025-01-23 09:35:43,236 [INFO] PluginManage:310 - Check plugin updater
2025-01-23 09:35:43,243 [INFO] PluginManage:359 - Loaded plugin updater (category:base,tabindex:12)
2025-01-23 09:35:43,243 [INFO] PluginManage:310 - Check plugin userauth
2025-01-23 09:35:43,247 [INFO] UserAuth:114 - Init User Auth plugin
2025-01-23 09:35:43,247 [INFO] PluginManage:359 - Loaded plugin userauth (category:base,tabindex:14)
2025-01-23 09:35:43,247 [INFO] PluginManage:283 - PluginManage : Loaded plugins [17]
2025-01-23 09:35:43,363 [INFO] PinOutPanel:1499 - setPackage(No Configuration,No Configuration)
2025-01-23 09:35:43,448 [INFO] CADModel:165 - CPN selected for project level
2025-01-23 09:35:43,448 [INFO] CADModel:114 - Register for checkConnection events
2025-01-23 09:35:43,459 [INFO] IPUIPlugin:80 - create IPUIPlugin
2025-01-23 09:35:43,459 [INFO] PluginManager:220 - loadIPPluginJar : add adc
2025-01-23 09:35:43,461 [INFO] IPUIPlugin:80 - create IPUIPlugin
2025-01-23 09:35:43,461 [INFO] PluginManager:220 - loadIPPluginJar : add aes
2025-01-23 09:35:43,463 [INFO] IPUIPlugin:80 - create IPUIPlugin
2025-01-23 09:35:43,463 [INFO] PluginManager:220 - loadIPPluginJar : add can
2025-01-23 09:35:43,464 [INFO] IPUIPlugin:80 - create IPUIPlugin
2025-01-23 09:35:43,464 [INFO] PluginManager:220 - loadIPPluginJar : add comp
2025-01-23 09:35:43,465 [INFO] IPUIPlugin:80 - create IPUIPlugin
2025-01-23 09:35:43,465 [INFO] PluginManager:220 - loadIPPluginJar : add cryp
2025-01-23 09:35:43,467 [INFO] IPUIPlugin:80 - create IPUIPlugin
2025-01-23 09:35:43,467 [INFO] PluginManager:220 - loadIPPluginJar : add dfsdm
2025-01-23 09:35:43,471 [INFO] IPUIPlugin:80 - create IPUIPlugin
2025-01-23 09:35:43,471 [INFO] PluginManager:220 - loadIPPluginJar : add dma
2025-01-23 09:35:43,472 [INFO] IPUIPlugin:80 - create IPUIPlugin
2025-01-23 09:35:43,473 [INFO] PluginManager:220 - loadIPPluginJar : add dma3
2025-01-23 09:35:43,473 [INFO] IPUIPlugin:80 - create IPUIPlugin
2025-01-23 09:35:43,473 [INFO] PluginManager:220 - loadIPPluginJar : add fatfs
2025-01-23 09:35:43,477 [INFO] IPUIPlugin:80 - create IPUIPlugin
2025-01-23 09:35:43,477 [INFO] PluginManager:220 - loadIPPluginJar : add fmc
2025-01-23 09:35:43,480 [INFO] IPUIPlugin:80 - create IPUIPlugin
2025-01-23 09:35:43,480 [INFO] PluginManager:220 - loadIPPluginJar : add freertos
2025-01-23 09:35:43,481 [INFO] IPUIPlugin:80 - create IPUIPlugin
2025-01-23 09:35:43,481 [INFO] PluginManager:220 - loadIPPluginJar : add genericplugin
2025-01-23 09:35:43,483 [INFO] IPUIPlugin:80 - create IPUIPlugin
2025-01-23 09:35:43,483 [INFO] PluginManager:220 - loadIPPluginJar : add gfxmmu
2025-01-23 09:35:43,487 [INFO] IPUIPlugin:80 - create IPUIPlugin
2025-01-23 09:35:43,487 [INFO] PluginManager:220 - loadIPPluginJar : add gic
2025-01-23 09:35:43,489 [INFO] IPUIPlugin:80 - create IPUIPlugin
2025-01-23 09:35:43,489 [INFO] PluginManager:220 - loadIPPluginJar : add gpio
2025-01-23 09:35:43,491 [INFO] IPUIPlugin:80 - create IPUIPlugin
2025-01-23 09:35:43,491 [INFO] PluginManager:220 - loadIPPluginJar : add gtzc
2025-01-23 09:35:43,492 [INFO] IPUIPlugin:80 - create IPUIPlugin
2025-01-23 09:35:43,493 [INFO] PluginManager:220 - loadIPPluginJar : add hash
2025-01-23 09:35:43,494 [INFO] IPUIPlugin:80 - create IPUIPlugin
2025-01-23 09:35:43,494 [INFO] PluginManager:220 - loadIPPluginJar : add i2c
2025-01-23 09:35:43,496 [INFO] IPUIPlugin:80 - create IPUIPlugin
2025-01-23 09:35:43,496 [INFO] PluginManager:220 - loadIPPluginJar : add i2s
2025-01-23 09:35:43,497 [INFO] IPUIPlugin:80 - create IPUIPlugin
2025-01-23 09:35:43,497 [INFO] PluginManager:220 - loadIPPluginJar : add i3c
2025-01-23 09:35:43,499 [INFO] IPUIPlugin:80 - create IPUIPlugin
2025-01-23 09:35:43,499 [INFO] PluginManager:220 - loadIPPluginJar : add ipddr
2025-01-23 09:35:43,503 [INFO] IPUIPlugin:80 - create IPUIPlugin
2025-01-23 09:35:43,503 [INFO] PluginManager:220 - loadIPPluginJar : add linkedlist
2025-01-23 09:35:43,505 [INFO] IPUIPlugin:80 - create IPUIPlugin
2025-01-23 09:35:43,505 [INFO] PluginManager:220 - loadIPPluginJar : add lorawan
2025-01-23 09:35:43,505 [INFO] IPUIPlugin:80 - create IPUIPlugin
2025-01-23 09:35:43,505 [INFO] PluginManager:220 - loadIPPluginJar : add ltdc
2025-01-23 09:35:43,509 [INFO] IPUIPlugin:80 - create IPUIPlugin
2025-01-23 09:35:43,509 [INFO] PluginManager:220 - loadIPPluginJar : add mdma
2025-01-23 09:35:43,511 [INFO] IPUIPlugin:80 - create IPUIPlugin
2025-01-23 09:35:43,511 [INFO] PluginManager:220 - loadIPPluginJar : add nvic
2025-01-23 09:35:43,513 [INFO] IPUIPlugin:80 - create IPUIPlugin
2025-01-23 09:35:43,513 [INFO] PluginManager:220 - loadIPPluginJar : add opamp
2025-01-23 09:35:43,514 [INFO] IPUIPlugin:80 - create IPUIPlugin
2025-01-23 09:35:43,515 [INFO] PluginManager:220 - loadIPPluginJar : add openamp
2025-01-23 09:35:43,517 [INFO] IPUIPlugin:80 - create IPUIPlugin
2025-01-23 09:35:43,517 [INFO] PluginManager:220 - loadIPPluginJar : add pdm2pcm
2025-01-23 09:35:43,520 [INFO] IPUIPlugin:80 - create IPUIPlugin
2025-01-23 09:35:43,521 [INFO] PluginManager:220 - loadIPPluginJar : add plateformsettings
2025-01-23 09:35:43,522 [INFO] IPUIPlugin:80 - create IPUIPlugin
2025-01-23 09:35:43,522 [INFO] PluginManager:220 - loadIPPluginJar : add quadspi
2025-01-23 09:35:43,524 [INFO] IPUIPlugin:80 - create IPUIPlugin
2025-01-23 09:35:43,524 [INFO] PluginManager:220 - loadIPPluginJar : add resmgrutility
2025-01-23 09:35:43,526 [INFO] IPUIPlugin:80 - create IPUIPlugin
2025-01-23 09:35:43,526 [INFO] PluginManager:220 - loadIPPluginJar : add sai
2025-01-23 09:35:43,527 [INFO] IPUIPlugin:80 - create IPUIPlugin
2025-01-23 09:35:43,527 [INFO] PluginManager:220 - loadIPPluginJar : add spi
2025-01-23 09:35:43,530 [INFO] IPUIPlugin:80 - create IPUIPlugin
2025-01-23 09:35:43,530 [INFO] PluginManager:220 - loadIPPluginJar : add stm32_wpan
2025-01-23 09:35:43,531 [INFO] IPUIPlugin:80 - create IPUIPlugin
2025-01-23 09:35:43,531 [INFO] PluginManager:220 - loadIPPluginJar : add tim
2025-01-23 09:35:43,533 [INFO] IPUIPlugin:80 - create IPUIPlugin
2025-01-23 09:35:43,533 [INFO] PluginManager:220 - loadIPPluginJar : add touchsensing
2025-01-23 09:35:43,534 [INFO] IPUIPlugin:80 - create IPUIPlugin
2025-01-23 09:35:43,534 [INFO] PluginManager:220 - loadIPPluginJar : add tracer_emb
2025-01-23 09:35:43,535 [INFO] IPUIPlugin:80 - create IPUIPlugin
2025-01-23 09:35:43,535 [INFO] PluginManager:220 - loadIPPluginJar : add ts
2025-01-23 09:35:43,536 [INFO] IPUIPlugin:80 - create IPUIPlugin
2025-01-23 09:35:43,536 [INFO] PluginManager:220 - loadIPPluginJar : add tsc
2025-01-23 09:35:43,537 [INFO] IPUIPlugin:80 - create IPUIPlugin
2025-01-23 09:35:43,537 [INFO] PluginManager:220 - loadIPPluginJar : add ucpd
2025-01-23 09:35:43,538 [INFO] IPUIPlugin:80 - create IPUIPlugin
2025-01-23 09:35:43,539 [INFO] PluginManager:220 - loadIPPluginJar : add usart
2025-01-23 09:35:43,540 [INFO] IPUIPlugin:80 - create IPUIPlugin
2025-01-23 09:35:43,540 [INFO] PluginManager:220 - loadIPPluginJar : add usbx
2025-01-23 09:35:43,639 [INFO] CADModel:165 - CPN selected for project level
2025-01-23 09:35:43,639 [INFO] CADModel:114 - Register for checkConnection events
2025-01-23 09:35:43,640 [FATAL] Updater:308 - Updater called before beeing initialized
2025-01-23 09:35:43,640 [ERROR] CADModel:125 - Updater not yet initialized, retry later 
2025-01-23 09:35:43,713 [INFO] CADModel:165 - CPN selected for project level
2025-01-23 09:35:43,714 [INFO] CADModel:114 - Register for checkConnection events
2025-01-23 09:35:43,714 [FATAL] Updater:308 - Updater called before beeing initialized
2025-01-23 09:35:43,714 [ERROR] CADModel:125 - Updater not yet initialized, retry later 
2025-01-23 09:35:43,715 [FATAL] Updater:308 - Updater called before beeing initialized
2025-01-23 09:35:43,773 [FATAL] Updater:308 - Updater called before beeing initialized
2025-01-23 09:35:43,777 [INFO] DbMcusAds:53 - JSON generation date=Wed Dec 18 01:01:15 KST 2024 (1734451275196)
2025-01-23 09:35:43,777 [FATAL] Updater:308 - Updater called before beeing initialized
2025-01-23 09:35:43,800 [WARN] DetailPanel:346 - Failed to get advertising image, set to default
2025-01-23 09:35:43,851 [FATAL] Updater:308 - Updater called before beeing initialized
2025-01-23 09:35:43,852 [FATAL] Updater:308 - Updater called before beeing initialized
2025-01-23 09:35:43,852 [FATAL] Updater:308 - Updater called before beeing initialized
2025-01-23 09:35:43,852 [WARN] DetailPanel:346 - Failed to get advertising image, set to default
2025-01-23 09:35:43,852 [FATAL] Updater:308 - Updater called before beeing initialized
2025-01-23 09:35:43,879 [ERROR] Updater:1120 - MainUpdater not yet initialized. External WinMGr cannot be set.
2025-01-23 09:35:43,882 [INFO] Updater:1056 - Updater Version found : 6.10.0
2025-01-23 09:35:43,895 [INFO] ApplicationProperties:184 - Using Application install path: C:\ST\STM32CubeIDE_1.14.1\STM32CubeIDE\plugins\com.st.stm32cube.common.mx_6.10.0.202311202037
2025-01-23 09:35:44,495 [INFO] MainUpdater:2873 - connection check result : 10
2025-01-23 09:35:44,495 [INFO] MainUpdater:290 - Updater Check For Update Now.
2025-01-23 09:35:44,495 [INFO] MicroXplorer:498 - Change Database Version : DB.6.0.100
2025-01-23 09:35:44,517 [INFO] McuFinderGlobals:63 - Set McuFinder mode to 2 (CubeIDE integrated)
2025-01-23 09:35:44,645 [INFO] CheckServerUpdateThread:120 - End of CheckServer Thread
2025-01-23 09:35:44,810 [INFO] UserAuth:404 - Internet connection configuration mode: 1
2025-01-23 09:35:44,819 [INFO] JxBrowserEngine:152 - Initiate JxBrowser Engine with user profile folder
2025-01-23 09:35:45,400 [INFO] WebApp:161 - Instantiating new browser for Auth
2025-01-23 09:35:45,761 [INFO] WebApp:780 - Register for checkConnection events
2025-01-23 09:35:45,761 [INFO] WebApp:414 - Apply proxy settings
2025-01-23 09:35:45,761 [INFO] WebApp:499 - Chromium requires no authentication
2025-01-23 09:35:45,766 [INFO] WebApp:442 - Direct internet connection detected
2025-01-23 09:35:45,852 [INFO] WebApp:192 - Starting web application
2025-01-23 09:35:45,852 [INFO] WebApp:544 - Web application path used C:\ST\STM32CubeIDE_1.14.1\STM32CubeIDE\plugins\com.st.stm32cube.common.mx_6.10.0.202311202037\db\plugins\mcufinder\reactClient1\index.html
2025-01-23 09:35:46,262 [WARN] PackLoader:240 - Cannot read IP mode file for STMicroelectronics.X-CUBE-SMBUS.2.1.0
2025-01-23 09:35:46,280 [WARN] PackLoader:240 - Cannot read IP mode file for STMicroelectronics.X-CUBE-AZRTOS-F7.1.1.0
2025-01-23 09:35:46,313 [WARN] PackLoader:240 - Cannot read IP mode file for STMicroelectronics.X-CUBE-MEMS1.11.0.0
2025-01-23 09:35:46,411 [WARN] PackLoader:240 - Cannot read IP mode file for STMicroelectronics.FP-SNS-FLIGHT1.5.0.2
2025-01-23 09:35:46,420 [WARN] PackLoader:240 - Cannot read IP mode file for STMicroelectronics.X-CUBE-DISPLAY.3.0.0
2025-01-23 09:35:46,431 [WARN] PackLoader:240 - Cannot read IP mode file for STMicroelectronics.X-CUBE-BLE1.7.0.0
2025-01-23 09:35:46,438 [WARN] PackLoader:240 - Cannot read IP mode file for STMicroelectronics.X-CUBE-BLEMGR.4.0.0
2025-01-23 09:35:46,446 [WARN] PackLoader:240 - Cannot read IP mode file for STMicroelectronics.X-CUBE-BLEMGR.3.1.0
2025-01-23 09:35:46,451 [WARN] PackLoader:240 - Cannot read IP mode file for STMicroelectronics.FP-SNS-SMARTAG2.1.2.0
2025-01-23 09:35:46,475 [WARN] PackLoader:240 - Cannot read IP mode file for STMicroelectronics.X-CUBE-MEMS1.11.1.0
2025-01-23 09:35:46,549 [INFO] LogOutputStream:77 - [STDOUT_REDIRECT] 1 : Invalid condition id : UX_CORESTACK_Condition cause : null
2025-01-23 09:35:46,550 [INFO] LogOutputStream:77 - [STDOUT_REDIRECT] 1 : Invalid condition id : UX_CORESTACK_Condition cause : null
2025-01-23 09:35:46,551 [INFO] LogOutputStream:77 - [STDOUT_REDIRECT] 1 : Invalid condition id : UX_CORESTACK_Condition cause : null
2025-01-23 09:35:46,552 [INFO] LogOutputStream:77 - [STDOUT_REDIRECT] 1 : Invalid condition id : UX_CORESTACK_Condition cause : null
2025-01-23 09:35:46,553 [INFO] LogOutputStream:77 - [STDOUT_REDIRECT] 1 : Invalid condition id : UX_CORESTACK_Condition cause : null
2025-01-23 09:35:46,554 [WARN] PackLoader:240 - Cannot read IP mode file for STMicroelectronics.X-CUBE-AZRTOS-WL.2.0.0
2025-01-23 09:35:46,562 [WARN] PackLoader:240 - Cannot read IP mode file for WES.I-CUBE-Cesium.1.3.0
2025-01-23 09:35:46,566 [WARN] PackLoader:240 - Cannot read IP mode file for STMicroelectronics.X-CUBE-BLE2.3.3.0
2025-01-23 09:35:46,570 [WARN] PackLoader:240 - Cannot read IP mode file for STMicroelectronics.X-CUBE-TCPP.4.1.0
2025-01-23 09:35:46,579 [WARN] PackLoader:240 - Cannot read IP mode file for STMicroelectronics.X-CUBE-AZRTOS-G0.1.1.0
2025-01-23 09:35:46,583 [WARN] PackLoader:240 - Cannot read IP mode file for STMicroelectronics.X-CUBE-NFC4.3.0.0
2025-01-23 09:35:46,589 [WARN] PackLoader:240 - Cannot read IP mode file for EmbeddedOffice.I-CUBE-FS-RTOS.1.0.1
2025-01-23 09:35:46,589 [ERROR] ConditionMgr:805 - Attr not supported : Dmpu
2025-01-23 09:35:46,590 [ERROR] ConditionMgr:805 - Attr not supported : Dmpu
2025-01-23 09:35:46,590 [ERROR] ConditionMgr:805 - Attr not supported : Dmpu
2025-01-23 09:35:46,590 [ERROR] ConditionMgr:805 - Attr not supported : Dmpu
2025-01-23 09:35:46,590 [ERROR] ConditionMgr:805 - Attr not supported : Dmpu
2025-01-23 09:35:46,590 [ERROR] ConditionMgr:805 - Attr not supported : Dmpu
2025-01-23 09:35:46,590 [ERROR] ConditionMgr:805 - Attr not supported : Dmpu
2025-01-23 09:35:46,590 [ERROR] ConditionMgr:805 - Attr not supported : Dmpu
2025-01-23 09:35:46,590 [ERROR] ConditionMgr:805 - Attr not supported : Dmpu
2025-01-23 09:35:46,590 [ERROR] ConditionMgr:805 - Attr not supported : Dmpu
2025-01-23 09:35:46,590 [ERROR] ConditionMgr:805 - Attr not supported : Dmpu
2025-01-23 09:35:46,590 [ERROR] ConditionMgr:805 - Attr not supported : Dmpu
2025-01-23 09:35:46,590 [ERROR] ConditionMgr:805 - Attr not supported : Dmpu
2025-01-23 09:35:46,590 [ERROR] ConditionMgr:805 - Attr not supported : Dmpu
2025-01-23 09:35:46,590 [ERROR] ConditionMgr:805 - Attr not supported : Dmpu
2025-01-23 09:35:46,590 [ERROR] ConditionMgr:805 - Attr not supported : Dmpu
2025-01-23 09:35:46,590 [ERROR] ConditionMgr:805 - Attr not supported : Dmpu
2025-01-23 09:35:46,590 [ERROR] ConditionMgr:805 - Attr not supported : Dmpu
2025-01-23 09:35:46,590 [ERROR] ConditionMgr:805 - Attr not supported : Dmpu
2025-01-23 09:35:46,590 [ERROR] ConditionMgr:805 - Attr not supported : Dmpu
2025-01-23 09:35:46,590 [ERROR] ConditionMgr:805 - Attr not supported : Dmpu
2025-01-23 09:35:46,590 [ERROR] ConditionMgr:805 - Attr not supported : Dmpu
2025-01-23 09:35:46,590 [ERROR] ConditionMgr:805 - Attr not supported : Dmpu
2025-01-23 09:35:46,590 [ERROR] ConditionMgr:805 - Attr not supported : Dmpu
2025-01-23 09:35:46,590 [ERROR] ConditionMgr:805 - Attr not supported : Dmpu
2025-01-23 09:35:46,590 [ERROR] ConditionMgr:805 - Attr not supported : Dmpu
2025-01-23 09:35:46,590 [ERROR] ConditionMgr:805 - Attr not supported : Dmpu
2025-01-23 09:35:46,590 [ERROR] ConditionMgr:805 - Attr not supported : Dmpu
2025-01-23 09:35:46,590 [ERROR] ConditionMgr:805 - Attr not supported : Dmpu
2025-01-23 09:35:46,590 [ERROR] ConditionMgr:805 - Attr not supported : Dmpu
2025-01-23 09:35:46,590 [ERROR] ConditionMgr:805 - Attr not supported : Dmpu
2025-01-23 09:35:46,590 [ERROR] ConditionMgr:805 - Attr not supported : Dmpu
2025-01-23 09:35:46,591 [ERROR] ConditionMgr:805 - Attr not supported : Dmpu
2025-01-23 09:35:46,591 [ERROR] ConditionMgr:805 - Attr not supported : Dmpu
2025-01-23 09:35:46,591 [ERROR] ConditionMgr:805 - Attr not supported : Dmpu
2025-01-23 09:35:46,591 [ERROR] ConditionMgr:805 - Attr not supported : Dmpu
2025-01-23 09:35:46,591 [ERROR] ConditionMgr:805 - Attr not supported : Dmpu
2025-01-23 09:35:46,591 [ERROR] ConditionMgr:805 - Attr not supported : Dmpu
2025-01-23 09:35:46,591 [ERROR] ConditionMgr:805 - Attr not supported : Dmpu
2025-01-23 09:35:46,591 [ERROR] ConditionMgr:805 - Attr not supported : Dmpu
2025-01-23 09:35:46,591 [ERROR] ConditionMgr:805 - Attr not supported : Dmpu
2025-01-23 09:35:46,591 [ERROR] ConditionMgr:805 - Attr not supported : Dmpu
2025-01-23 09:35:46,591 [ERROR] ConditionMgr:805 - Attr not supported : Dmpu
2025-01-23 09:35:46,591 [ERROR] ConditionMgr:805 - Attr not supported : Dmpu
2025-01-23 09:35:46,591 [ERROR] ConditionMgr:805 - Attr not supported : Dmpu
2025-01-23 09:35:46,591 [ERROR] ConditionMgr:805 - Attr not supported : Dmpu
2025-01-23 09:35:46,591 [ERROR] ConditionMgr:805 - Attr not supported : Dmpu
2025-01-23 09:35:46,591 [ERROR] ConditionMgr:805 - Attr not supported : Dmpu
2025-01-23 09:35:46,591 [ERROR] ConditionMgr:805 - Attr not supported : Dmpu
2025-01-23 09:35:46,591 [ERROR] ConditionMgr:805 - Attr not supported : Dmpu
2025-01-23 09:35:46,591 [ERROR] ConditionMgr:805 - Attr not supported : Dmpu
2025-01-23 09:35:46,591 [ERROR] ConditionMgr:805 - Attr not supported : Dmpu
2025-01-23 09:35:46,591 [ERROR] ConditionMgr:805 - Attr not supported : Dmpu
2025-01-23 09:35:46,591 [ERROR] ConditionMgr:805 - Attr not supported : Dmpu
2025-01-23 09:35:46,591 [ERROR] ConditionMgr:805 - Attr not supported : Dmpu
2025-01-23 09:35:46,591 [ERROR] ConditionMgr:805 - Attr not supported : Dmpu
2025-01-23 09:35:46,591 [ERROR] ConditionMgr:805 - Attr not supported : Dmpu
2025-01-23 09:35:46,591 [ERROR] ConditionMgr:805 - Attr not supported : Dmpu
2025-01-23 09:35:46,591 [ERROR] ConditionMgr:805 - Attr not supported : Dmpu
2025-01-23 09:35:46,591 [ERROR] ConditionMgr:805 - Attr not supported : Dmpu
2025-01-23 09:35:46,591 [ERROR] ConditionMgr:805 - Attr not supported : Dmpu
2025-01-23 09:35:46,591 [ERROR] ConditionMgr:805 - Attr not supported : Dmpu
2025-01-23 09:35:46,591 [ERROR] ConditionMgr:805 - Attr not supported : Dmpu
2025-01-23 09:35:46,592 [ERROR] ConditionMgr:805 - Attr not supported : Dmpu
2025-01-23 09:35:46,594 [ERROR] Engine:466 - C:\Users\user\.stm32cubemx\thirdparties\pdsc\STMicroelectronics.X-CUBE-TCPP.4.2.0.pdsc: PDSC version is not supported
2025-01-23 09:35:46,597 [WARN] PackLoader:240 - Cannot read IP mode file for STMicroelectronics.FP-ATR-SIGFOX1.3.2.0
2025-01-23 09:35:46,600 [WARN] ConditionMgr:438 - getConditionDescription Invalid condition id : Cortex-A Device cause : null
2025-01-23 09:35:46,609 [WARN] ConditionMgr:1039 - genDependencies : Invalid condition id : Cortex-A Device cause : null
2025-01-23 09:35:46,609 [WARN] ConditionMgr:1039 - genDependencies : Invalid condition id : Cortex-A Device cause : null
2025-01-23 09:35:46,609 [WARN] ConditionMgr:1039 - genDependencies : Invalid condition id : Cortex-A Device cause : null
2025-01-23 09:35:46,633 [WARN] PackLoader:240 - Cannot read IP mode file for SEGGER.I-CUBE-embOS.1.3.1
2025-01-23 09:35:46,674 [WARN] PackLoader:240 - Cannot read IP mode file for STMicroelectronics.X-CUBE-AZRTOS-F4.1.1.0
2025-01-23 09:35:46,678 [WARN] PackLoader:240 - Cannot read IP mode file for STMicroelectronics.X-CUBE-FREERTOS.1.2.0
2025-01-23 09:35:46,687 [WARN] PackLoader:240 - Cannot read IP mode file for STMicroelectronics.X-CUBE-AZRTOS-L5.2.0.0
2025-01-23 09:35:46,691 [WARN] PackLoader:240 - Cannot read IP mode file for STMicroelectronics.X-CUBE-FREERTOS.1.3.0
2025-01-23 09:35:46,695 [WARN] PackLoader:240 - Cannot read IP mode file for STMicroelectronics.X-CUBE-NFC7.1.0.1
2025-01-23 09:35:46,704 [WARN] ConditionMgr:438 - getConditionDescription Invalid condition id : LAN8742 Phy interface Condition cause : null
2025-01-23 09:35:46,705 [WARN] PackLoader:240 - Cannot read IP mode file for STMicroelectronics.X-CUBE-AZRTOS-L4.2.0.0
2025-01-23 09:35:46,705 [WARN] ConditionMgr:1039 - genDependencies : Invalid condition id : LAN8742 Phy interface Condition cause : null
2025-01-23 09:35:46,706 [WARN] ConditionMgr:1039 - genDependencies : Invalid condition id : LAN8742 Phy interface Condition cause : null
2025-01-23 09:35:46,706 [WARN] ConditionMgr:1039 - genDependencies : Invalid condition id : LAN8742 Phy interface Condition cause : null
2025-01-23 09:35:46,710 [WARN] PackLoader:240 - Cannot read IP mode file for STMicroelectronics.X-CUBE-SFXS2LP1.4.0.0
2025-01-23 09:35:46,716 [WARN] PackLoader:240 - Cannot read IP mode file for STMicroelectronics.X-CUBE-IPS.3.0.0
2025-01-23 09:35:46,728 [WARN] ConditionMgr:438 - getConditionDescription Invalid condition id : UX DEVICE CLASS RTOS Condition cause : null
2025-01-23 09:35:46,728 [WARN] ConditionMgr:438 - getConditionDescription Invalid condition id : UX DEVICE CLASS RTOS Condition cause : null
2025-01-23 09:35:46,729 [WARN] PackLoader:240 - Cannot read IP mode file for STMicroelectronics.X-CUBE-AZRTOS-WB.2.0.0
2025-01-23 09:35:46,730 [WARN] ConditionMgr:1039 - genDependencies : Invalid condition id : UX DEVICE CLASS RTOS Condition cause : null
2025-01-23 09:35:46,730 [WARN] ConditionMgr:1039 - genDependencies : Invalid condition id : UX DEVICE CLASS RTOS Condition cause : null
2025-01-23 09:35:46,730 [WARN] ConditionMgr:1039 - genDependencies : Invalid condition id : UX DEVICE CLASS RTOS Condition cause : null
2025-01-23 09:35:46,730 [WARN] ConditionMgr:1039 - genDependencies : Invalid condition id : UX DEVICE CLASS RTOS Condition cause : null
2025-01-23 09:35:46,730 [WARN] ConditionMgr:1039 - genDependencies : Invalid condition id : UX DEVICE CLASS RTOS Condition cause : null
2025-01-23 09:35:46,734 [WARN] PackLoader:240 - Cannot read IP mode file for STMicroelectronics.X-CUBE-GNSS1.7.0.0
2025-01-23 09:35:46,737 [WARN] PackLoader:240 - Cannot read IP mode file for STMicroelectronics.X-CUBE-GNSS1.7.0.1
2025-01-23 09:35:46,745 [WARN] PackLoader:240 - Cannot read IP mode file for STMicroelectronics.X-CUBE-SUBG2.5.0.0
2025-01-23 09:35:46,755 [WARN] PackLoader:240 - Cannot read IP mode file for STMicroelectronics.X-CUBE-AZRTOS-G4.2.0.0
2025-01-23 09:35:46,758 [ERROR] Engine:466 - C:\Users\user\.stm32cubemx\thirdparties\pdsc\STMicroelectronics.X-CUBE-IPS.3.1.0.pdsc: PDSC version is not supported
2025-01-23 09:35:46,763 [WARN] PackLoader:240 - Cannot read IP mode file for STMicroelectronics.X-CUBE-TOUCHGFX.4.24.2
2025-01-23 09:35:46,765 [WARN] PackLoader:240 - Cannot read IP mode file for STMicroelectronics.X-CUBE-TOUCHGFX.4.24.1
2025-01-23 09:35:46,769 [WARN] PackLoader:240 - Cannot read IP mode file for portGmbH.I-Cube-SoM-uGOAL.1.1.0
2025-01-23 09:35:46,770 [INFO] ThirdParty:978 - Integrity check success = true
2025-01-23 09:35:46,770 [INFO] IntegrityCheckThread:100 - exiting critical section [integrity check]
2025-01-23 09:35:46,770 [INFO] IntegrityCheckThread:103 - End integrity checks thread
2025-01-23 09:36:06,221 [ERROR] LogOutputStream:75 - [STDERR_REDIRECT] SLF4J: Failed to load class "org.slf4j.impl.StaticLoggerBinder".
2025-01-23 09:36:06,221 [ERROR] LogOutputStream:75 - [STDERR_REDIRECT] SLF4J: Defaulting to no-operation (NOP) logger implementation
2025-01-23 09:36:06,222 [ERROR] LogOutputStream:75 - [STDERR_REDIRECT] SLF4J: See http://www.slf4j.org/codes.html#StaticLoggerBinder for further details.
2025-01-23 14:50:29,586 [ERROR] LogOutputStream:75 - [STDERR_REDIRECT] 
